<?xml version="1.0" encoding="UTF-8"?>
<!-- Generated by org.testng.reporters.JUnitReportReporter -->
<testsuite name="testcases.TC001_LoginAndLogout" tests="6" time="141.946" ignored="0" failures="0" timestamp="14 Apr 2018 05:26:47 GMT" skipped="0" hostname="SANKARA" errors="0">
  <testcase name="loginAndLogout" time="22.618" classname="testcases.TC001_LoginAndLogout"/>
  <testcase name="loginAndLogout" time="21.855" classname="testcases.TC001_LoginAndLogout"/>
  <testcase name="loginAndLogout" time="23.089" classname="testcases.TC001_LoginAndLogout"/>
  <testcase name="loginAndLogout" time="25.909" classname="testcases.TC001_LoginAndLogout"/>
  <testcase name="loginAndLogout" time="24.854" classname="testcases.TC001_LoginAndLogout"/>
  <testcase name="loginAndLogout" time="23.621" classname="testcases.TC001_LoginAndLogout"/>
</testsuite> <!-- testcases.TC001_LoginAndLogout -->
