<?xml version="1.0" encoding="UTF-8"?>
<!-- Generated by org.testng.reporters.JUnitReportReporter -->
<testsuite name="testcases.TC001_CreateLead" tests="6" time="135.278" ignored="15" failures="0" timestamp="20 Apr 2018 17:28:09 GMT" skipped="0" hostname="SANKARA" errors="0">
  <testcase name="loginAndLogout" time="20.746" classname="testcases.TC001_CreateLead"/>
  <testcase name="loginAndLogout" time="27.068" classname="testcases.TC001_CreateLead"/>
  <testcase name="loginAndLogout" time="21.833" classname="testcases.TC001_CreateLead"/>
  <testcase name="loginAndLogout" time="21.834" classname="testcases.TC001_CreateLead"/>
  <testcase name="loginAndLogout" time="21.954" classname="testcases.TC001_CreateLead"/>
  <testcase name="loginAndLogout" time="21.843" classname="testcases.TC001_CreateLead"/>
  <testcase name="afterTest" classname="wdMethods.ProjectMethods">
    <skipped/>
  </testcase> <!-- afterTest -->
  <testcase name="afterTest" classname="wdMethods.ProjectMethods">
    <skipped/>
  </testcase> <!-- afterTest -->
  <testcase name="afterTest" classname="wdMethods.ProjectMethods">
    <skipped/>
  </testcase> <!-- afterTest -->
  <testcase name="afterTest" classname="wdMethods.ProjectMethods">
    <skipped/>
  </testcase> <!-- afterTest -->
  <testcase name="afterTest" classname="wdMethods.ProjectMethods">
    <skipped/>
  </testcase> <!-- afterTest -->
  <testcase name="beforeSuite" classname="wdMethods.ProjectMethods">
    <skipped/>
  </testcase> <!-- beforeSuite -->
  <testcase name="beforeSuite" classname="wdMethods.ProjectMethods">
    <skipped/>
  </testcase> <!-- beforeSuite -->
  <testcase name="beforeSuite" classname="wdMethods.ProjectMethods">
    <skipped/>
  </testcase> <!-- beforeSuite -->
  <testcase name="beforeSuite" classname="wdMethods.ProjectMethods">
    <skipped/>
  </testcase> <!-- beforeSuite -->
  <testcase name="beforeSuite" classname="wdMethods.ProjectMethods">
    <skipped/>
  </testcase> <!-- beforeSuite -->
  <testcase name="afterSuite" classname="wdMethods.ProjectMethods">
    <skipped/>
  </testcase> <!-- afterSuite -->
  <testcase name="afterSuite" classname="wdMethods.ProjectMethods">
    <skipped/>
  </testcase> <!-- afterSuite -->
  <testcase name="afterSuite" classname="wdMethods.ProjectMethods">
    <skipped/>
  </testcase> <!-- afterSuite -->
  <testcase name="afterSuite" classname="wdMethods.ProjectMethods">
    <skipped/>
  </testcase> <!-- afterSuite -->
  <testcase name="afterSuite" classname="wdMethods.ProjectMethods">
    <skipped/>
  </testcase> <!-- afterSuite -->
</testsuite> <!-- testcases.TC001_CreateLead -->
